c:\users\кирилл\desktop\opengl\glfw-3.2.1\build\examples\particles.dir\debug\vc141.pdb
c:\users\кирилл\desktop\opengl\glfw-3.2.1\build\examples\particles.dir\debug\glad.obj
c:\users\кирилл\desktop\opengl\glfw-3.2.1\build\examples\particles.dir\debug\getopt.obj
c:\users\кирилл\desktop\opengl\glfw-3.2.1\build\examples\particles.dir\debug\tinycthread.obj
c:\users\кирилл\desktop\opengl\glfw-3.2.1\build\examples\particles.dir\debug\particles.obj
c:\users\кирилл\desktop\opengl\glfw-3.2.1\build\examples\cmakefiles\generate.stamp
c:\users\кирилл\desktop\opengl\glfw-3.2.1\build\examples\debug\particles.ilk
c:\users\кирилл\desktop\opengl\glfw-3.2.1\build\examples\debug\particles.exe
c:\users\кирилл\desktop\opengl\glfw-3.2.1\build\examples\debug\particles.pdb
c:\users\кирилл\desktop\opengl\glfw-3.2.1\build\examples\particles.dir\debug\glfw.res
c:\users\кирилл\desktop\opengl\glfw-3.2.1\build\examples\particles.dir\debug\particles.tlog\cl.command.1.tlog
c:\users\кирилл\desktop\opengl\glfw-3.2.1\build\examples\particles.dir\debug\particles.tlog\cl.read.1.tlog
c:\users\кирилл\desktop\opengl\glfw-3.2.1\build\examples\particles.dir\debug\particles.tlog\cl.write.1.tlog
c:\users\кирилл\desktop\opengl\glfw-3.2.1\build\examples\particles.dir\debug\particles.tlog\custombuild.command.1.tlog
c:\users\кирилл\desktop\opengl\glfw-3.2.1\build\examples\particles.dir\debug\particles.tlog\custombuild.read.1.tlog
c:\users\кирилл\desktop\opengl\glfw-3.2.1\build\examples\particles.dir\debug\particles.tlog\custombuild.write.1.tlog
c:\users\кирилл\desktop\opengl\glfw-3.2.1\build\examples\particles.dir\debug\particles.tlog\link.command.1.tlog
c:\users\кирилл\desktop\opengl\glfw-3.2.1\build\examples\particles.dir\debug\particles.tlog\link.read.1.tlog
c:\users\кирилл\desktop\opengl\glfw-3.2.1\build\examples\particles.dir\debug\particles.tlog\link.write.1.tlog
c:\users\кирилл\desktop\opengl\glfw-3.2.1\build\examples\particles.dir\debug\particles.tlog\rc.command.1.tlog
c:\users\кирилл\desktop\opengl\glfw-3.2.1\build\examples\particles.dir\debug\particles.tlog\rc.read.1.tlog
c:\users\кирилл\desktop\opengl\glfw-3.2.1\build\examples\particles.dir\debug\particles.tlog\rc.write.1.tlog
