c:\users\кирилл\desktop\opengl\glfw-3.2.1\build\examples\splitview.dir\debug\vc141.pdb
c:\users\кирилл\desktop\opengl\glfw-3.2.1\build\examples\splitview.dir\debug\glad.obj
c:\users\кирилл\desktop\opengl\glfw-3.2.1\build\examples\splitview.dir\debug\splitview.obj
c:\users\кирилл\desktop\opengl\glfw-3.2.1\build\examples\cmakefiles\generate.stamp
c:\users\кирилл\desktop\opengl\glfw-3.2.1\build\examples\debug\splitview.ilk
c:\users\кирилл\desktop\opengl\glfw-3.2.1\build\examples\debug\splitview.exe
c:\users\кирилл\desktop\opengl\glfw-3.2.1\build\examples\debug\splitview.pdb
c:\users\кирилл\desktop\opengl\glfw-3.2.1\build\examples\splitview.dir\debug\glfw.res
c:\users\кирилл\desktop\opengl\glfw-3.2.1\build\examples\splitview.dir\debug\splitview.tlog\cl.command.1.tlog
c:\users\кирилл\desktop\opengl\glfw-3.2.1\build\examples\splitview.dir\debug\splitview.tlog\cl.read.1.tlog
c:\users\кирилл\desktop\opengl\glfw-3.2.1\build\examples\splitview.dir\debug\splitview.tlog\cl.write.1.tlog
c:\users\кирилл\desktop\opengl\glfw-3.2.1\build\examples\splitview.dir\debug\splitview.tlog\custombuild.command.1.tlog
c:\users\кирилл\desktop\opengl\glfw-3.2.1\build\examples\splitview.dir\debug\splitview.tlog\custombuild.read.1.tlog
c:\users\кирилл\desktop\opengl\glfw-3.2.1\build\examples\splitview.dir\debug\splitview.tlog\custombuild.write.1.tlog
c:\users\кирилл\desktop\opengl\glfw-3.2.1\build\examples\splitview.dir\debug\splitview.tlog\link.command.1.tlog
c:\users\кирилл\desktop\opengl\glfw-3.2.1\build\examples\splitview.dir\debug\splitview.tlog\link.read.1.tlog
c:\users\кирилл\desktop\opengl\glfw-3.2.1\build\examples\splitview.dir\debug\splitview.tlog\link.write.1.tlog
c:\users\кирилл\desktop\opengl\glfw-3.2.1\build\examples\splitview.dir\debug\splitview.tlog\rc.command.1.tlog
c:\users\кирилл\desktop\opengl\glfw-3.2.1\build\examples\splitview.dir\debug\splitview.tlog\rc.read.1.tlog
c:\users\кирилл\desktop\opengl\glfw-3.2.1\build\examples\splitview.dir\debug\splitview.tlog\rc.write.1.tlog
