c:\users\кирилл\desktop\opengl\glfw-3.2.1\build\examples\gears.dir\debug\vc141.pdb
c:\users\кирилл\desktop\opengl\glfw-3.2.1\build\examples\gears.dir\debug\glad.obj
c:\users\кирилл\desktop\opengl\glfw-3.2.1\build\examples\gears.dir\debug\gears.obj
c:\users\кирилл\desktop\opengl\glfw-3.2.1\build\examples\cmakefiles\generate.stamp
c:\users\кирилл\desktop\opengl\glfw-3.2.1\build\examples\debug\gears.ilk
c:\users\кирилл\desktop\opengl\glfw-3.2.1\build\examples\debug\gears.exe
c:\users\кирилл\desktop\opengl\glfw-3.2.1\build\examples\debug\gears.pdb
c:\users\кирилл\desktop\opengl\glfw-3.2.1\build\examples\gears.dir\debug\glfw.res
c:\users\кирилл\desktop\opengl\glfw-3.2.1\build\examples\gears.dir\debug\gears.tlog\cl.command.1.tlog
c:\users\кирилл\desktop\opengl\glfw-3.2.1\build\examples\gears.dir\debug\gears.tlog\cl.read.1.tlog
c:\users\кирилл\desktop\opengl\glfw-3.2.1\build\examples\gears.dir\debug\gears.tlog\cl.write.1.tlog
c:\users\кирилл\desktop\opengl\glfw-3.2.1\build\examples\gears.dir\debug\gears.tlog\custombuild.command.1.tlog
c:\users\кирилл\desktop\opengl\glfw-3.2.1\build\examples\gears.dir\debug\gears.tlog\custombuild.read.1.tlog
c:\users\кирилл\desktop\opengl\glfw-3.2.1\build\examples\gears.dir\debug\gears.tlog\custombuild.write.1.tlog
c:\users\кирилл\desktop\opengl\glfw-3.2.1\build\examples\gears.dir\debug\gears.tlog\link.command.1.tlog
c:\users\кирилл\desktop\opengl\glfw-3.2.1\build\examples\gears.dir\debug\gears.tlog\link.read.1.tlog
c:\users\кирилл\desktop\opengl\glfw-3.2.1\build\examples\gears.dir\debug\gears.tlog\link.write.1.tlog
c:\users\кирилл\desktop\opengl\glfw-3.2.1\build\examples\gears.dir\debug\gears.tlog\rc.command.1.tlog
c:\users\кирилл\desktop\opengl\glfw-3.2.1\build\examples\gears.dir\debug\gears.tlog\rc.read.1.tlog
c:\users\кирилл\desktop\opengl\glfw-3.2.1\build\examples\gears.dir\debug\gears.tlog\rc.write.1.tlog
