c:\users\кирилл\desktop\opengl\glfw-3.2.1\build\examples\heightmap.dir\debug\vc141.pdb
c:\users\кирилл\desktop\opengl\glfw-3.2.1\build\examples\heightmap.dir\debug\glad.obj
c:\users\кирилл\desktop\opengl\glfw-3.2.1\build\examples\heightmap.dir\debug\heightmap.obj
c:\users\кирилл\desktop\opengl\glfw-3.2.1\build\examples\cmakefiles\generate.stamp
c:\users\кирилл\desktop\opengl\glfw-3.2.1\build\examples\debug\heightmap.ilk
c:\users\кирилл\desktop\opengl\glfw-3.2.1\build\examples\debug\heightmap.exe
c:\users\кирилл\desktop\opengl\glfw-3.2.1\build\examples\debug\heightmap.pdb
c:\users\кирилл\desktop\opengl\glfw-3.2.1\build\examples\heightmap.dir\debug\glfw.res
c:\users\кирилл\desktop\opengl\glfw-3.2.1\build\examples\heightmap.dir\debug\heightmap.tlog\cl.command.1.tlog
c:\users\кирилл\desktop\opengl\glfw-3.2.1\build\examples\heightmap.dir\debug\heightmap.tlog\cl.read.1.tlog
c:\users\кирилл\desktop\opengl\glfw-3.2.1\build\examples\heightmap.dir\debug\heightmap.tlog\cl.write.1.tlog
c:\users\кирилл\desktop\opengl\glfw-3.2.1\build\examples\heightmap.dir\debug\heightmap.tlog\custombuild.command.1.tlog
c:\users\кирилл\desktop\opengl\glfw-3.2.1\build\examples\heightmap.dir\debug\heightmap.tlog\custombuild.read.1.tlog
c:\users\кирилл\desktop\opengl\glfw-3.2.1\build\examples\heightmap.dir\debug\heightmap.tlog\custombuild.write.1.tlog
c:\users\кирилл\desktop\opengl\glfw-3.2.1\build\examples\heightmap.dir\debug\heightmap.tlog\link.command.1.tlog
c:\users\кирилл\desktop\opengl\glfw-3.2.1\build\examples\heightmap.dir\debug\heightmap.tlog\link.read.1.tlog
c:\users\кирилл\desktop\opengl\glfw-3.2.1\build\examples\heightmap.dir\debug\heightmap.tlog\link.write.1.tlog
c:\users\кирилл\desktop\opengl\glfw-3.2.1\build\examples\heightmap.dir\debug\heightmap.tlog\rc.command.1.tlog
c:\users\кирилл\desktop\opengl\glfw-3.2.1\build\examples\heightmap.dir\debug\heightmap.tlog\rc.read.1.tlog
c:\users\кирилл\desktop\opengl\glfw-3.2.1\build\examples\heightmap.dir\debug\heightmap.tlog\rc.write.1.tlog
